RegA: RowMajor[2, 4]
RegB: RowMajor[4, 2]
RegC: RowMajor[4, 4]
RegD: RowMajor[2, 8]
RegAcc: RowMajor[2, 4]
RegAccCast: RowMajor[2, 4]
kRowExec: 1, kColExec: 2
kRstride = 16, kSrcCstride = 256, kDstCstride = 256
src_lane_offset: 0, dst_lane_offset: 0
src_offset: 256, dst_offset: 256
data = 256.00

iter 0
gC:
0, 32, 64, 96, 128, 160, 192, 224, 256, 288, 320, 352, 384, 416, 448, 480, 512, 544, 576, 608, 640, 672, 704, 736, 768, 800, 832, 864, 896, 928, 960, 992, 
1, 33, 65, 97, 129, 161, 193, 225, 257, 289, 321, 353, 385, 417, 449, 481, 513, 545, 577, 609, 641, 673, 705, 737, 769, 801, 833, 865, 897, 929, 961, 993, 
2, 34, 66, 98, 130, 162, 194, 226, 258, 290, 322, 354, 386, 418, 450, 482, 514, 546, 578, 610, 642, 674, 706, 738, 770, 802, 834, 866, 898, 930, 962, 994, 
3, 35, 67, 99, 131, 163, 195, 227, 259, 291, 323, 355, 387, 419, 451, 483, 515, 547, 579, 611, 643, 675, 707, 739, 771, 803, 835, 867, 899, 931, 963, 995, 
4, 36, 68, 100, 132, 164, 196, 228, 260, 292, 324, 356, 388, 420, 452, 484, 516, 548, 580, 612, 644, 676, 708, 740, 772, 804, 836, 868, 900, 932, 964, 996, 
5, 37, 69, 101, 133, 165, 197, 229, 261, 293, 325, 357, 389, 421, 453, 485, 517, 549, 581, 613, 645, 677, 709, 741, 773, 805, 837, 869, 901, 933, 965, 997, 
6, 38, 70, 102, 134, 166, 198, 230, 262, 294, 326, 358, 390, 422, 454, 486, 518, 550, 582, 614, 646, 678, 710, 742, 774, 806, 838, 870, 902, 934, 966, 998, 
7, 39, 71, 103, 135, 167, 199, 231, 263, 295, 327, 359, 391, 423, 455, 487, 519, 551, 583, 615, 647, 679, 711, 743, 775, 807, 839, 871, 903, 935, 967, 999, 
8, 40, 72, 104, 136, 168, 200, 232, 264, 296, 328, 360, 392, 424, 456, 488, 520, 552, 584, 616, 648, 680, 712, 744, 776, 808, 840, 872, 904, 936, 968, 1000, 
9, 41, 73, 105, 137, 169, 201, 233, 265, 297, 329, 361, 393, 425, 457, 489, 521, 553, 585, 617, 649, 681, 713, 745, 777, 809, 841, 873, 905, 937, 969, 1001, 
10, 42, 74, 106, 138, 170, 202, 234, 266, 298, 330, 362, 394, 426, 458, 490, 522, 554, 586, 618, 650, 682, 714, 746, 778, 810, 842, 874, 906, 938, 970, 1002, 
11, 43, 75, 107, 139, 171, 203, 235, 267, 299, 331, 363, 395, 427, 459, 491, 523, 555, 587, 619, 651, 683, 715, 747, 779, 811, 843, 875, 907, 939, 971, 1003, 
12, 44, 76, 108, 140, 172, 204, 236, 268, 300, 332, 364, 396, 428, 460, 492, 524, 556, 588, 620, 652, 684, 716, 748, 780, 812, 844, 876, 908, 940, 972, 1004, 
13, 45, 77, 109, 141, 173, 205, 237, 269, 301, 333, 365, 397, 429, 461, 493, 525, 557, 589, 621, 653, 685, 717, 749, 781, 813, 845, 877, 909, 941, 973, 1005, 
14, 46, 78, 110, 142, 174, 206, 238, 270, 302, 334, 366, 398, 430, 462, 494, 526, 558, 590, 622, 654, 686, 718, 750, 782, 814, 846, 878, 910, 942, 974, 1006, 
15, 47, 79, 111, 143, 175, 207, 239, 271, 303, 335, 367, 399, 431, 463, 495, 527, 559, 591, 623, 655, 687, 719, 751, 783, 815, 847, 879, 911, 943, 975, 1007, 

sC:
0, 32, 64, 96, 128, 160, 192, 224, 256, 288, 320, 352, 384, 416, 448, 480, 256, 288, 320, 352, 384, 416, 448, 480, 512, 544, 576, 608, 640, 672, 704, 736, 
1, 33, 65, 97, 129, 161, 193, 225, 257, 289, 321, 353, 385, 417, 449, 481, 257, 289, 321, 353, 385, 417, 449, 481, 513, 545, 577, 609, 641, 673, 705, 737, 
2, 34, 66, 98, 130, 162, 194, 226, 258, 290, 322, 354, 386, 418, 450, 482, 258, 290, 322, 354, 386, 418, 450, 482, 514, 546, 578, 610, 642, 674, 706, 738, 
3, 35, 67, 99, 131, 163, 195, 227, 259, 291, 323, 355, 387, 419, 451, 483, 259, 291, 323, 355, 387, 419, 451, 483, 515, 547, 579, 611, 643, 675, 707, 739, 
4, 36, 68, 100, 132, 164, 196, 228, 260, 292, 324, 356, 388, 420, 452, 484, 260, 292, 324, 356, 388, 420, 452, 484, 516, 548, 580, 612, 644, 676, 708, 740, 
5, 37, 69, 101, 133, 165, 197, 229, 261, 293, 325, 357, 389, 421, 453, 485, 261, 293, 325, 357, 389, 421, 453, 485, 517, 549, 581, 613, 645, 677, 709, 741, 
6, 38, 70, 102, 134, 166, 198, 230, 262, 294, 326, 358, 390, 422, 454, 486, 262, 294, 326, 358, 390, 422, 454, 486, 518, 550, 582, 614, 646, 678, 710, 742, 
7, 39, 71, 103, 135, 167, 199, 231, 263, 295, 327, 359, 391, 423, 455, 487, 263, 295, 327, 359, 391, 423, 455, 487, 519, 551, 583, 615, 647, 679, 711, 743, 
8, 40, 72, 104, 136, 168, 200, 232, 264, 296, 328, 360, 392, 424, 456, 488, 264, 296, 328, 360, 392, 424, 456, 488, 520, 552, 584, 616, 648, 680, 712, 744, 
9, 41, 73, 105, 137, 169, 201, 233, 265, 297, 329, 361, 393, 425, 457, 489, 265, 297, 329, 361, 393, 425, 457, 489, 521, 553, 585, 617, 649, 681, 713, 745, 
10, 42, 74, 106, 138, 170, 202, 234, 266, 298, 330, 362, 394, 426, 458, 490, 266, 298, 330, 362, 394, 426, 458, 490, 522, 554, 586, 618, 650, 682, 714, 746, 
11, 43, 75, 107, 139, 171, 203, 235, 267, 299, 331, 363, 395, 427, 459, 491, 267, 299, 331, 363, 395, 427, 459, 491, 523, 555, 587, 619, 651, 683, 715, 747, 
12, 44, 76, 108, 140, 172, 204, 236, 268, 300, 332, 364, 396, 428, 460, 492, 268, 300, 332, 364, 396, 428, 460, 492, 524, 556, 588, 620, 652, 684, 716, 748, 
13, 45, 77, 109, 141, 173, 205, 237, 269, 301, 333, 365, 397, 429, 461, 493, 269, 301, 333, 365, 397, 429, 461, 493, 525, 557, 589, 621, 653, 685, 717, 749, 
14, 46, 78, 110, 142, 174, 206, 238, 270, 302, 334, 366, 398, 430, 462, 494, 270, 302, 334, 366, 398, 430, 462, 494, 526, 558, 590, 622, 654, 686, 718, 750, 
15, 47, 79, 111, 143, 175, 207, 239, 271, 303, 335, 367, 399, 431, 463, 495, 271, 303, 335, 367, 399, 431, 463, 495, 527, 559, 591, 623, 655, 687, 719, 751, 

Test failed.
